#
# A fatal error has been detected by the Java Runtime Environment:
#
#  SIGSEGV (0xb) at pc=0x00007ffe9c7c630e, pid=3820, tid=140731769800448
#
# JRE version: 7.0_25-b30
# Java VM: OpenJDK 64-Bit Server VM (23.7-b01 mixed mode linux-amd64 compressed oops)
# Problematic frame:
# C  [libgdk-x11-2.0.so.0+0x7230e]  gdk_window_enable_synchronized_configure+0xe
#
# Failed to write core dump. Core dumps have been disabled. To enable core dumping, try "ulimit -c unlimited" before starting Java again
#
# If you would like to submit a bug report, please include
# instructions on how to reproduce the bug and visit:
#   https://bugs.launchpad.net/ubuntu/+source/openjdk-7/
# The crash happened outside the Java Virtual Machine in native code.
# See problematic frame for where to report the bug.
#

---------------  T H R E A D  ---------------

Current thread (0x00007ffea4009800):  JavaThread "main" [_thread_in_native, id=3821, stack(0x00007ffeab15c000,0x00007ffeab25d000)]

siginfo:si_signo=SIGSEGV: si_errno=0, si_code=1 (SEGV_MAPERR), si_addr=0x0000000000000018

Registers:
RAX=0x0000000000000000, RBX=0x00007ffea4332000, RCX=0x00007ffeab25c700, RDX=0x0000000000000000
RSP=0x00007ffeab25ae10, RBP=0x00007ffea43320f0, RSI=0x0000000000000000, RDI=0x0000000000000000
R8 =0x00007ffea43440c0, R9 =0x0000000000000000, R10=0x00007ffeab25abc0, R11=0x00007ffe9c7c6300
R12=0x00007ffea4332000, R13=0x0000000000000000, R14=0x0000000000000260, R15=0x0000000000000000
RIP=0x00007ffe9c7c630e, EFLAGS=0x0000000000010202, CSGSFS=0x0000000000000033, ERR=0x0000000000000004
  TRAPNO=0x000000000000000e

Top of Stack: (sp=0x00007ffeab25ae10)
0x00007ffeab25ae10:   0000000000000000 00007ffea4332000
0x00007ffeab25ae20:   00007ffea43320f0 00007ffe8fc2a37c
0x00007ffeab25ae30:   00007ffea434dde0 00007ffe0000fc02
0x00007ffeab25ae40:   000001c7a4332000 0000000000000127
0x00007ffeab25ae50:   0000000000000000 0000000000000000
0x00007ffeab25ae60:   00007ffe00000001 0000003000000020
0x00007ffeab25ae70:   00007ffea4330bd0 00007ffea4331ec0
0x00007ffeab25ae80:   00000000a431ec60 00007ffe9d14e2d0
0x00007ffeab25ae90:   00007ffea4332000 0000000000000000
0x00007ffeab25aea0:   00007ffeab25b158 00007ffe9d14feca
0x00007ffeab25aeb0:   00007ffea431e6b0 00007ffe9d14e2d0
0x00007ffeab25aec0:   00007ffea4332000 0000000000000000
0x00007ffeab25aed0:   00007ffeab25b188 00007ffe9d14feca
0x00007ffeab25aee0:   0000000000000000 000000007d12684b
0x00007ffeab25aef0:   0000000000000000 0000000000000000
0x00007ffeab25af00:   00007ffe00000002 000000009ce82e33
0x00007ffeab25af10:   0000000040000002 0000000000000000
0x00007ffeab25af20:   0000000500000005 00007ffe9d154d65
0x00007ffeab25af30:   00007ffea431ecd0 00007ffe9ce82e33
0x00007ffeab25af40:   00007ffeab25b158 00007ffe9cece5d1
0x00007ffeab25af50:   00007ffea431ec60 00007ffea431e700
0x00007ffeab25af60:   00007ffeab25b170 00007ffeab25b188
0x00007ffeab25af70:   00007ffea431e6b0 00007ffeab25b090
0x00007ffeab25af80:   0000000000000000 00007ffe9d168741
0x00007ffeab25af90:   0000000000000000 0000000000000004
0x00007ffeab25afa0:   0000000000000004 00000000ab25b118
0x00007ffeab25afb0:   00007ffe00000001 00007ffea4332000
0x00007ffeab25afc0:   0000000000000000 0000000000000004
0x00007ffeab25afd0:   00007ffea42f3590 309112fc3163d300
0x00007ffeab25afe0:   00007ffe9c75a2d0 00007ffeab25b234
0x00007ffeab25aff0:   00007ffeab25b230 0000000000000000
0x00007ffeab25b000:   00007ffea4332000 00000000000001c7 

Instructions: (pc=0x00007ffe9c7c630e)
0x00007ffe9c7c62ee:   00 48 83 c4 38 e9 b8 8f ff ff 0f 1f 84 00 00 00
0x00007ffe9c7c62fe:   00 00 48 89 5c 24 f0 48 89 6c 24 f8 48 83 ec 18
0x00007ffe9c7c630e:   48 8b 5f 18 48 89 fd e8 26 9c ff ff 48 85 db 74
0x00007ffe9c7c631e:   22 48 8b 13 48 85 d2 74 05 48 39 02 74 0f 48 89 

Register to memory mapping:

RAX=0x0000000000000000 is an unknown value
RBX=0x00007ffea4332000 is an unknown value
RCX=0x00007ffeab25c700 is pointing into the stack for thread: 0x00007ffea4009800
RDX=0x0000000000000000 is an unknown value
RSP=0x00007ffeab25ae10 is pointing into the stack for thread: 0x00007ffea4009800
RBP=0x00007ffea43320f0 is an unknown value
RSI=0x0000000000000000 is an unknown value
RDI=0x0000000000000000 is an unknown value
R8 =0x00007ffea43440c0 is an unknown value
R9 =0x0000000000000000 is an unknown value
R10=0x00007ffeab25abc0 is pointing into the stack for thread: 0x00007ffea4009800
R11=0x00007ffe9c7c6300: gdk_window_enable_synchronized_configure+0 in /usr/lib/x86_64-linux-gnu/libgdk-x11-2.0.so.0 at 0x00007ffe9c754000
R12=0x00007ffea4332000 is an unknown value
R13=0x0000000000000000 is an unknown value
R14=0x0000000000000260 is an unknown value
R15=0x0000000000000000 is an unknown value


Stack: [0x00007ffeab15c000,0x00007ffeab25d000],  sp=0x00007ffeab25ae10,  free space=1019k
Native frames: (J=compiled Java code, j=interpreted, Vv=VM code, C=native code)
C  [libgdk-x11-2.0.so.0+0x7230e]  gdk_window_enable_synchronized_configure+0xe

Java frames: (J=compiled Java code, j=interpreted, Vv=VM code)
j  org.eclipse.equinox.launcher.JNIBridge._show_splash(Ljava/lang/String;)V+0
j  org.eclipse.equinox.launcher.JNIBridge.showSplash(Ljava/lang/String;)Z+2
j  org.eclipse.equinox.launcher.Main.handleSplash([Ljava/net/URL;)V+157
j  org.eclipse.equinox.launcher.Main.basicRun([Ljava/lang/String;)V+116
j  org.eclipse.equinox.launcher.Main.run([Ljava/lang/String;)I+4
j  org.eclipse.equinox.launcher.Main.main([Ljava/lang/String;)V+10
v  ~StubRoutines::call_stub

---------------  P R O C E S S  ---------------

Java Threads: ( => current thread )
  0x00007ffea41da800 JavaThread "Service Thread" daemon [_thread_blocked, id=3832, stack(0x00007ffe9d5a0000,0x00007ffe9d6a1000)]
  0x00007ffea41d8000 JavaThread "C2 CompilerThread1" daemon [_thread_blocked, id=3831, stack(0x00007ffe9d6a1000,0x00007ffe9d7a2000)]
  0x00007ffea41d5000 JavaThread "C2 CompilerThread0" daemon [_thread_blocked, id=3830, stack(0x00007ffe9d7a2000,0x00007ffe9d8a3000)]
  0x00007ffea41d3000 JavaThread "Signal Dispatcher" daemon [_thread_blocked, id=3829, stack(0x00007ffe9d8a3000,0x00007ffe9d9a4000)]
  0x00007ffea4179800 JavaThread "Finalizer" daemon [_thread_blocked, id=3828, stack(0x00007ffe9e087000,0x00007ffe9e188000)]
  0x00007ffea4177800 JavaThread "Reference Handler" daemon [_thread_blocked, id=3827, stack(0x00007ffe9e188000,0x00007ffe9e289000)]
=>0x00007ffea4009800 JavaThread "main" [_thread_in_native, id=3821, stack(0x00007ffeab15c000,0x00007ffeab25d000)]

Other Threads:
  0x00007ffea416f000 VMThread [stack: 0x00007ffe9e289000,0x00007ffe9e38a000] [id=3826]
  0x00007ffea41e5000 WatcherThread [stack: 0x00007ffe9d49f000,0x00007ffe9d5a0000] [id=3833]

VM state:not at safepoint (normal execution)

VM Mutex/Monitor currently owned by a thread: None

Heap
 PSYoungGen      total 11968K, used 1858K [0x00000000f8000000, 0x00000000f8d50000, 0x0000000100000000)
  eden space 10304K, 18% used [0x00000000f8000000,0x00000000f81d08e8,0x00000000f8a10000)
  from space 1664K, 0% used [0x00000000f8bb0000,0x00000000f8bb0000,0x00000000f8d50000)
  to   space 1664K, 0% used [0x00000000f8a10000,0x00000000f8a10000,0x00000000f8bb0000)
 ParOldGen       total 27328K, used 0K [0x00000000e8000000, 0x00000000e9ab0000, 0x00000000f8000000)
  object space 27328K, 0% used [0x00000000e8000000,0x00000000e8000000,0x00000000e9ab0000)
 PSPermGen       total 21248K, used 4768K [0x00000000d8000000, 0x00000000d94c0000, 0x00000000e8000000)
  object space 21248K, 22% used [0x00000000d8000000,0x00000000d84a8028,0x00000000d94c0000)

Card table byte_map: [0x00007ffea0cb6000,0x00007ffea0df7000] byte_map_base: 0x00007ffea05f6000

Polling page: 0x00007ffeab27c000

Code Cache  [0x00007ffea0df7000, 0x00007ffea1067000, 0x00007ffea3df7000)
 total_blobs=217 nmethods=12 adapters=158 free_code_cache=48736Kb largest_free_block=49880640

Compilation events (10 events):
Event: 0.149 Thread 0x00007ffea41d5000 nmethod 7 0x00007ffea0e5a750 code [0x00007ffea0e5a880, 0x00007ffea0e5a8f8]
Event: 0.162 Thread 0x00007ffea41d5000    8             java.lang.Integer::reverseBytes (26 bytes)
Event: 0.163 Thread 0x00007ffea41d5000 nmethod 8 0x00007ffea0e5cb90 code [0x00007ffea0e5ccc0, 0x00007ffea0e5cd38]
Event: 0.163 Thread 0x00007ffea41d8000 nmethod 5 0x00007ffea0e5b150 code [0x00007ffea0e5b2c0, 0x00007ffea0e5bca8]
Event: 0.176 Thread 0x00007ffea41d5000   10             java.lang.String::charAt (29 bytes)
Event: 0.177 Thread 0x00007ffea41d5000 nmethod 10 0x00007ffea0e600d0 code [0x00007ffea0e60220, 0x00007ffea0e602b8]
Event: 0.180 Thread 0x00007ffea41d8000   11             sun.nio.cs.UTF_8$Decoder::decode (640 bytes)
Event: 0.183 Thread 0x00007ffea41d5000   12             java.lang.Object::<init> (1 bytes)
Event: 0.183 Thread 0x00007ffea41d5000 nmethod 12 0x00007ffea0e5fe90 code [0x00007ffea0e5ffc0, 0x00007ffea0e60038]
Event: 0.200 Thread 0x00007ffea41d8000 nmethod 11 0x00007ffea0e63050 code [0x00007ffea0e63340, 0x00007ffea0e640f0]

GC Heap History (0 events):
No events

Deoptimization events (0 events):
No events

Internal exceptions (10 events):
Event: 0.080 Thread 0x00007ffea4009800 Threw 0x00000000f8058c80 at /build/buildd/openjdk-7-7u25-2.3.10/build/openjdk/hotspot/src/share/vm/prims/jni.cpp:716
Event: 0.080 Thread 0x00007ffea4009800 Threw 0x00000000f8058e18 at /build/buildd/openjdk-7-7u25-2.3.10/build/openjdk/hotspot/src/share/vm/prims/jvm.cpp:1235
Event: 0.080 Thread 0x00007ffea4009800 Threw 0x00000000f8058f40 at /build/buildd/openjdk-7-7u25-2.3.10/build/openjdk/hotspot/src/share/vm/prims/jvm.cpp:1235
Event: 0.080 Thread 0x00007ffea4009800 Threw 0x00000000f805b778 at /build/buildd/openjdk-7-7u25-2.3.10/build/openjdk/hotspot/src/share/vm/prims/jvm.cpp:1235
Event: 0.167 Thread 0x00007ffea4009800 Threw 0x00000000f815ab98 at /build/buildd/openjdk-7-7u25-2.3.10/build/openjdk/hotspot/src/share/vm/prims/jvm.cpp:1235
Event: 0.169 Thread 0x00007ffea4009800 Threw 0x00000000f8160ea0 at /build/buildd/openjdk-7-7u25-2.3.10/build/openjdk/hotspot/src/share/vm/prims/jvm.cpp:1235
Event: 0.172 Thread 0x00007ffea4009800 Threw 0x00000000f8166fc0 at /build/buildd/openjdk-7-7u25-2.3.10/build/openjdk/hotspot/src/share/vm/prims/jvm.cpp:1235
Event: 0.177 Thread 0x00007ffea4009800 Threw 0x00000000f817a200 at /build/buildd/openjdk-7-7u25-2.3.10/build/openjdk/hotspot/src/share/vm/prims/jvm.cpp:1235
Event: 0.178 Thread 0x00007ffea4009800 Threw 0x00000000f817ee80 at /build/buildd/openjdk-7-7u25-2.3.10/build/openjdk/hotspot/src/share/vm/prims/jvm.cpp:1235
Event: 0.184 Thread 0x00007ffea4009800 Threw 0x00000000f81a8880 at /build/buildd/openjdk-7-7u25-2.3.10/build/openjdk/hotspot/src/share/vm/prims/nativeLookup.cpp:376

Events (10 events):
Event: 0.179 loading class 0x00007ffea4188d30
Event: 0.179 loading class 0x00007ffea4188d30 done
Event: 0.179 loading class 0x00007ffea42ecf70
Event: 0.179 loading class 0x00007ffea42ecf70 done
Event: 0.179 loading class 0x00007ffea40532d0
Event: 0.179 loading class 0x00007ffea40532d0 done
Event: 0.179 loading class 0x00007ffea42ed340
Event: 0.179 loading class 0x00007ffea42ed340 done
Event: 0.179 loading class 0x00007ffea408af20
Event: 0.179 loading class 0x00007ffea408af20 done


Dynamic libraries:
00400000-00401000 r-xp 00000000 08:02 1322075                            /usr/lib/jvm/java-7-openjdk-amd64/jre/bin/java
00600000-00601000 r--p 00000000 08:02 1322075                            /usr/lib/jvm/java-7-openjdk-amd64/jre/bin/java
00601000-00602000 rw-p 00001000 08:02 1322075                            /usr/lib/jvm/java-7-openjdk-amd64/jre/bin/java
0191a000-0193b000 rw-p 00000000 00:00 0                                  [heap]
d8000000-d94c0000 rw-p 00000000 00:00 0 
d94c0000-e8000000 rw-p 00000000 00:00 0 
e8000000-e9ab0000 rw-p 00000000 00:00 0 
e9ab0000-f8000000 rw-p 00000000 00:00 0 
f8000000-f8d50000 rw-p 00000000 00:00 0 
f8d50000-100000000 rw-p 00000000 00:00 0 
7ffe58000000-7ffe58022000 rw-p 00000000 00:00 0 
7ffe58022000-7ffe5c000000 ---p 00000000 00:00 0 
7ffe60000000-7ffe60021000 rw-p 00000000 00:00 0 
7ffe60021000-7ffe64000000 ---p 00000000 00:00 0 
7ffe64000000-7ffe64021000 rw-p 00000000 00:00 0 
7ffe64021000-7ffe68000000 ---p 00000000 00:00 0 
7ffe68000000-7ffe68139000 rw-p 00000000 00:00 0 
7ffe68139000-7ffe6c000000 ---p 00000000 00:00 0 
7ffe6c000000-7ffe6c126000 rw-p 00000000 00:00 0 
7ffe6c126000-7ffe70000000 ---p 00000000 00:00 0 
7ffe70000000-7ffe70021000 rw-p 00000000 00:00 0 
7ffe70021000-7ffe74000000 ---p 00000000 00:00 0 
7ffe74000000-7ffe74021000 rw-p 00000000 00:00 0 
7ffe74021000-7ffe78000000 ---p 00000000 00:00 0 
7ffe78000000-7ffe78021000 rw-p 00000000 00:00 0 
7ffe78021000-7ffe7c000000 ---p 00000000 00:00 0 
7ffe7c000000-7ffe7c021000 rw-p 00000000 00:00 0 
7ffe7c021000-7ffe80000000 ---p 00000000 00:00 0 
7ffe80000000-7ffe80021000 rw-p 00000000 00:00 0 
7ffe80021000-7ffe84000000 ---p 00000000 00:00 0 
7ffe88000000-7ffe88021000 rw-p 00000000 00:00 0 
7ffe88021000-7ffe8c000000 ---p 00000000 00:00 0 
7ffe8e319000-7ffe8e31c000 r-xp 00000000 08:02 1574143                    /usr/lib/x86_64-linux-gnu/gdk-pixbuf-2.0/2.10.0/loaders/libpixbufloader-bmp.so
7ffe8e31c000-7ffe8e51c000 ---p 00003000 08:02 1574143                    /usr/lib/x86_64-linux-gnu/gdk-pixbuf-2.0/2.10.0/loaders/libpixbufloader-bmp.so
7ffe8e51c000-7ffe8e51d000 r--p 00003000 08:02 1574143                    /usr/lib/x86_64-linux-gnu/gdk-pixbuf-2.0/2.10.0/loaders/libpixbufloader-bmp.so
7ffe8e51d000-7ffe8e51e000 rw-p 00004000 08:02 1574143                    /usr/lib/x86_64-linux-gnu/gdk-pixbuf-2.0/2.10.0/loaders/libpixbufloader-bmp.so
7ffe8e51e000-7ffe8e51f000 ---p 00000000 00:00 0 
7ffe8e51f000-7ffe8ed1f000 rw-p 00000000 00:00 0                          [stack:3834]
7ffe8ed1f000-7ffe8ed35000 r-xp 00000000 08:02 1574370                    /usr/lib/x86_64-linux-gnu/gvfs/libgvfscommon.so
7ffe8ed35000-7ffe8ef34000 ---p 00016000 08:02 1574370                    /usr/lib/x86_64-linux-gnu/gvfs/libgvfscommon.so
7ffe8ef34000-7ffe8ef35000 r--p 00015000 08:02 1574370                    /usr/lib/x86_64-linux-gnu/gvfs/libgvfscommon.so
7ffe8ef35000-7ffe8ef36000 rw-p 00016000 08:02 1574370                    /usr/lib/x86_64-linux-gnu/gvfs/libgvfscommon.so
7ffe8ef36000-7ffe8ef78000 r-xp 00000000 08:02 1052372                    /lib/x86_64-linux-gnu/libdbus-1.so.3.5.8
7ffe8ef78000-7ffe8f178000 ---p 00042000 08:02 1052372                    /lib/x86_64-linux-gnu/libdbus-1.so.3.5.8
7ffe8f178000-7ffe8f179000 r--p 00042000 08:02 1052372                    /lib/x86_64-linux-gnu/libdbus-1.so.3.5.8
7ffe8f179000-7ffe8f17a000 rw-p 00043000 08:02 1052372                    /lib/x86_64-linux-gnu/libdbus-1.so.3.5.8
7ffe8f17a000-7ffe8f18a000 r-xp 00000000 08:02 1574166                    /usr/lib/x86_64-linux-gnu/gio/modules/libgioremote-volume-monitor.so
7ffe8f18a000-7ffe8f389000 ---p 00010000 08:02 1574166                    /usr/lib/x86_64-linux-gnu/gio/modules/libgioremote-volume-monitor.so
7ffe8f389000-7ffe8f38a000 r--p 0000f000 08:02 1574166                    /usr/lib/x86_64-linux-gnu/gio/modules/libgioremote-volume-monitor.so
7ffe8f38a000-7ffe8f38b000 rw-p 00010000 08:02 1574166                    /usr/lib/x86_64-linux-gnu/gio/modules/libgioremote-volume-monitor.so
7ffe8f38b000-7ffe8f392000 r-xp 00000000 08:02 1574162                    /usr/lib/x86_64-linux-gnu/gio/modules/libdconfsettings.so
7ffe8f392000-7ffe8f591000 ---p 00007000 08:02 1574162                    /usr/lib/x86_64-linux-gnu/gio/modules/libdconfsettings.so
7ffe8f591000-7ffe8f592000 r--p 00006000 08:02 1574162                    /usr/lib/x86_64-linux-gnu/gio/modules/libdconfsettings.so
7ffe8f592000-7ffe8f593000 rw-p 00007000 08:02 1574162                    /usr/lib/x86_64-linux-gnu/gio/modules/libdconfsettings.so
7ffe8f593000-7ffe8f5a3000 r-xp 00000000 08:02 1313793                    /usr/lib/liboverlay-scrollbar-0.2.so.0.0.16
7ffe8f5a3000-7ffe8f7a2000 ---p 00010000 08:02 1313793                    /usr/lib/liboverlay-scrollbar-0.2.so.0.0.16
7ffe8f7a2000-7ffe8f7a3000 r--p 0000f000 08:02 1313793                    /usr/lib/liboverlay-scrollbar-0.2.so.0.0.16
7ffe8f7a3000-7ffe8f7a4000 rw-p 00010000 08:02 1313793                    /usr/lib/liboverlay-scrollbar-0.2.so.0.0.16
7ffe8f7a4000-7ffe8f7c3000 r-xp 00000000 08:02 1318240                    /usr/lib/x86_64-linux-gnu/libatk-1.0.so.0.20409.1
7ffe8f7c3000-7ffe8f9c3000 ---p 0001f000 08:02 1318240                    /usr/lib/x86_64-linux-gnu/libatk-1.0.so.0.20409.1
7ffe8f9c3000-7ffe8f9c5000 r--p 0001f000 08:02 1318240                    /usr/lib/x86_64-linux-gnu/libatk-1.0.so.0.20409.1
7ffe8f9c5000-7ffe8f9c6000 rw-p 00021000 08:02 1318240                    /usr/lib/x86_64-linux-gnu/libatk-1.0.so.0.20409.1
7ffe8f9c6000-7ffe8fdf3000 r-xp 00000000 08:02 1318498                    /usr/lib/x86_64-linux-gnu/libgtk-x11-2.0.so.0.2400.10
7ffe8fdf3000-7ffe8fff3000 ---p 0042d000 08:02 1318498                    /usr/lib/x86_64-linux-gnu/libgtk-x11-2.0.so.0.2400.10
7ffe8fff3000-7ffe8fffa000 r--p 0042d000 08:02 1318498                    /usr/lib/x86_64-linux-gnu/libgtk-x11-2.0.so.0.2400.10
7ffe8fffa000-7ffe8fffe000 rw-p 00434000 08:02 1318498                    /usr/lib/x86_64-linux-gnu/libgtk-x11-2.0.so.0.2400.10
7ffe8fffe000-7ffe90000000 rw-p 00000000 00:00 0 
7ffe90000000-7ffe90021000 rw-p 00000000 00:00 0 
7ffe90021000-7ffe94000000 ---p 00000000 00:00 0 
7ffe9412b000-7ffe94130000 r-xp 00000000 08:02 1318188                    /usr/lib/x86_64-linux-gnu/libXdmcp.so.6.0.0
7ffe94130000-7ffe9432f000 ---p 00005000 08:02 1318188                    /usr/lib/x86_64-linux-gnu/libXdmcp.so.6.0.0
7ffe9432f000-7ffe94330000 r--p 00004000 08:02 1318188                    /usr/lib/x86_64-linux-gnu/libXdmcp.so.6.0.0
7ffe94330000-7ffe94331000 rw-p 00005000 08:02 1318188                    /usr/lib/x86_64-linux-gnu/libXdmcp.so.6.0.0
7ffe94331000-7ffe94333000 r-xp 00000000 08:02 1318177                    /usr/lib/x86_64-linux-gnu/libXau.so.6.0.0
7ffe94333000-7ffe94532000 ---p 00002000 08:02 1318177                    /usr/lib/x86_64-linux-gnu/libXau.so.6.0.0
7ffe94532000-7ffe94533000 r--p 00001000 08:02 1318177                    /usr/lib/x86_64-linux-gnu/libXau.so.6.0.0
7ffe94533000-7ffe94534000 rw-p 00002000 08:02 1318177                    /usr/lib/x86_64-linux-gnu/libXau.so.6.0.0
7ffe94534000-7ffe94551000 r-xp 00000000 08:02 1318784                    /usr/lib/x86_64-linux-gnu/libxcb.so.1.1.0
7ffe94551000-7ffe94750000 ---p 0001d000 08:02 1318784                    /usr/lib/x86_64-linux-gnu/libxcb.so.1.1.0
7ffe94750000-7ffe94751000 r--p 0001c000 08:02 1318784                    /usr/lib/x86_64-linux-gnu/libxcb.so.1.1.0
7ffe94751000-7ffe94752000 rw-p 0001d000 08:02 1318784                    /usr/lib/x86_64-linux-gnu/libxcb.so.1.1.0
7ffe94752000-7ffe9475a000 r-xp 00000000 08:02 1318776                    /usr/lib/x86_64-linux-gnu/libxcb-render.so.0.0.0
7ffe9475a000-7ffe9495a000 ---p 00008000 08:02 1318776                    /usr/lib/x86_64-linux-gnu/libxcb-render.so.0.0.0
7ffe9495a000-7ffe9495b000 r--p 00008000 08:02 1318776                    /usr/lib/x86_64-linux-gnu/libxcb-render.so.0.0.0
7ffe9495b000-7ffe9495c000 rw-p 00009000 08:02 1318776                    /usr/lib/x86_64-linux-gnu/libxcb-render.so.0.0.0
7ffe9495c000-7ffe9495e000 r-xp 00000000 08:02 1318780                    /usr/lib/x86_64-linux-gnu/libxcb-shm.so.0.0.0
7ffe9495e000-7ffe94b5d000 ---p 00002000 08:02 1318780                    /usr/lib/x86_64-linux-gnu/libxcb-shm.so.0.0.0
7ffe94b5d000-7ffe94b5e000 r--p 00001000 08:02 1318780                    /usr/lib/x86_64-linux-gnu/libxcb-shm.so.0.0.0
7ffe94b5e000-7ffe94b5f000 rw-p 00002000 08:02 1318780                    /usr/lib/x86_64-linux-gnu/libxcb-shm.so.0.0.0
7ffe94b5f000-7ffe94b85000 r-xp 00000000 08:02 1052437                    /lib/x86_64-linux-gnu/libpng12.so.0.46.0
7ffe94b85000-7ffe94d85000 ---p 00026000 08:02 1052437                    /lib/x86_64-linux-gnu/libpng12.so.0.46.0
7ffe94d85000-7ffe94d86000 r--p 00026000 08:02 1052437                    /lib/x86_64-linux-gnu/libpng12.so.0.46.0
7ffe94d86000-7ffe94d87000 rw-p 00027000 08:02 1052437                    /lib/x86_64-linux-gnu/libpng12.so.0.46.0
7ffe94d87000-7ffe94e08000 r-xp 00000000 08:02 1318635                    /usr/lib/x86_64-linux-gnu/libpixman-1.so.0.24.4
7ffe94e08000-7ffe95007000 ---p 00081000 08:02 1318635                    /usr/lib/x86_64-linux-gnu/libpixman-1.so.0.24.4
7ffe95007000-7ffe9500d000 r--p 00080000 08:02 1318635                    /usr/lib/x86_64-linux-gnu/libpixman-1.so.0.24.4
7ffe9500d000-7ffe9500e000 rw-p 00086000 08:02 1318635                    /usr/lib/x86_64-linux-gnu/libpixman-1.so.0.24.4
7ffe9500e000-7ffe95035000 r-xp 00000000 08:02 1052378                    /lib/x86_64-linux-gnu/libexpat.so.1.5.2
7ffe95035000-7ffe95235000 ---p 00027000 08:02 1052378                    /lib/x86_64-linux-gnu/libexpat.so.1.5.2
7ffe95235000-7ffe95237000 r--p 00027000 08:02 1052378                    /lib/x86_64-linux-gnu/libexpat.so.1.5.2
7ffe95237000-7ffe95238000 rw-p 00029000 08:02 1052378                    /lib/x86_64-linux-gnu/libexpat.so.1.5.2
7ffe95238000-7ffe95250000 r-xp 00000000 08:02 1052444                    /lib/x86_64-linux-gnu/libresolv-2.15.so
7ffe95250000-7ffe95450000 ---p 00018000 08:02 1052444                    /lib/x86_64-linux-gnu/libresolv-2.15.so
7ffe95450000-7ffe95451000 r--p 00018000 08:02 1052444                    /lib/x86_64-linux-gnu/libresolv-2.15.so
7ffe95451000-7ffe95452000 rw-p 00019000 08:02 1052444                    /lib/x86_64-linux-gnu/libresolv-2.15.so
7ffe95452000-7ffe95454000 rw-p 00000000 00:00 0 
7ffe95454000-7ffe95471000 r-xp 00000000 08:02 1052448                    /lib/x86_64-linux-gnu/libselinux.so.1
7ffe95471000-7ffe95670000 ---p 0001d000 08:02 1052448                    /lib/x86_64-linux-gnu/libselinux.so.1
7ffe95670000-7ffe95671000 r--p 0001c000 08:02 1052448                    /lib/x86_64-linux-gnu/libselinux.so.1
7ffe95671000-7ffe95672000 rw-p 0001d000 08:02 1052448                    /lib/x86_64-linux-gnu/libselinux.so.1
7ffe95672000-7ffe95673000 rw-p 00000000 00:00 0 
7ffe95673000-7ffe95676000 r-xp 00000000 08:02 1318423                    /usr/lib/x86_64-linux-gnu/libgmodule-2.0.so.0.3200.3
7ffe95676000-7ffe95875000 ---p 00003000 08:02 1318423                    /usr/lib/x86_64-linux-gnu/libgmodule-2.0.so.0.3200.3
7ffe95875000-7ffe95876000 r--p 00002000 08:02 1318423                    /usr/lib/x86_64-linux-gnu/libgmodule-2.0.so.0.3200.3
7ffe95876000-7ffe95877000 rw-p 00003000 08:02 1318423                    /usr/lib/x86_64-linux-gnu/libgmodule-2.0.so.0.3200.3
7ffe95877000-7ffe9590d000 r-xp 00000000 08:02 1318380                    /usr/lib/x86_64-linux-gnu/libfreetype.so.6.8.0
7ffe9590d000-7ffe95b0c000 ---p 00096000 08:02 1318380                    /usr/lib/x86_64-linux-gnu/libfreetype.so.6.8.0
7ffe95b0c000-7ffe95b12000 r--p 00095000 08:02 1318380                    /usr/lib/x86_64-linux-gnu/libfreetype.so.6.8.0
7ffe95b12000-7ffe95b13000 rw-p 0009b000 08:02 1318380                    /usr/lib/x86_64-linux-gnu/libfreetype.so.6.8.0
7ffe95b13000-7ffe95b3c000 r-xp 00000000 08:02 1318619                    /usr/lib/x86_64-linux-gnu/libpangoft2-1.0.so.0.3000.0
7ffe95b3c000-7ffe95d3b000 ---p 00029000 08:02 1318619                    /usr/lib/x86_64-linux-gnu/libpangoft2-1.0.so.0.3000.0
7ffe95d3b000-7ffe95d3c000 r--p 00028000 08:02 1318619                    /usr/lib/x86_64-linux-gnu/libpangoft2-1.0.so.0.3000.0
7ffe95d3c000-7ffe95d3d000 rw-p 00029000 08:02 1318619                    /usr/lib/x86_64-linux-gnu/libpangoft2-1.0.so.0.3000.0
7ffe95d3d000-7ffe95e6d000 r-xp 00000000 08:02 1314909                    /usr/lib/x86_64-linux-gnu/libX11.so.6.3.0
7ffe95e6d000-7ffe9606d000 ---p 00130000 08:02 1314909                    /usr/lib/x86_64-linux-gnu/libX11.so.6.3.0
7ffe9606d000-7ffe9606e000 r--p 00130000 08:02 1314909                    /usr/lib/x86_64-linux-gnu/libX11.so.6.3.0
7ffe9606e000-7ffe96072000 rw-p 00131000 08:02 1314909                    /usr/lib/x86_64-linux-gnu/libX11.so.6.3.0
7ffe96072000-7ffe9612b000 r-xp 00000000 08:02 1318278                    /usr/lib/x86_64-linux-gnu/libcairo.so.2.11000.2
7ffe9612b000-7ffe9632a000 ---p 000b9000 08:02 1318278                    /usr/lib/x86_64-linux-gnu/libcairo.so.2.11000.2
7ffe9632a000-7ffe9632c000 r--p 000b8000 08:02 1318278                    /usr/lib/x86_64-linux-gnu/libcairo.so.2.11000.2
7ffe9632c000-7ffe9632d000 rw-p 000ba000 08:02 1318278                    /usr/lib/x86_64-linux-gnu/libcairo.so.2.11000.2
7ffe9632d000-7ffe96330000 rw-p 00000000 00:00 0 
7ffe96330000-7ffe96335000 r-xp 00000000 08:02 1318192                    /usr/lib/x86_64-linux-gnu/libXfixes.so.3.1.0
7ffe96335000-7ffe96534000 ---p 00005000 08:02 1318192                    /usr/lib/x86_64-linux-gnu/libXfixes.so.3.1.0
7ffe96534000-7ffe96535000 r--p 00004000 08:02 1318192                    /usr/lib/x86_64-linux-gnu/libXfixes.so.3.1.0
7ffe96535000-7ffe96536000 rw-p 00005000 08:02 1318192                    /usr/lib/x86_64-linux-gnu/libXfixes.so.3.1.0
7ffe96536000-7ffe96538000 r-xp 00000000 08:02 1318186                    /usr/lib/x86_64-linux-gnu/libXdamage.so.1.1.0
7ffe96538000-7ffe96737000 ---p 00002000 08:02 1318186                    /usr/lib/x86_64-linux-gnu/libXdamage.so.1.1.0
7ffe96737000-7ffe96738000 r--p 00001000 08:02 1318186                    /usr/lib/x86_64-linux-gnu/libXdamage.so.1.1.0
7ffe96738000-7ffe96739000 rw-p 00002000 08:02 1318186                    /usr/lib/x86_64-linux-gnu/libXdamage.so.1.1.0
7ffe96739000-7ffe9673b000 r-xp 00000000 08:02 1318182                    /usr/lib/x86_64-linux-gnu/libXcomposite.so.1.0.0
7ffe9673b000-7ffe9693a000 ---p 00002000 08:02 1318182                    /usr/lib/x86_64-linux-gnu/libXcomposite.so.1.0.0
7ffe9693a000-7ffe9693b000 r--p 00001000 08:02 1318182                    /usr/lib/x86_64-linux-gnu/libXcomposite.so.1.0.0
7ffe9693b000-7ffe9693c000 rw-p 00002000 08:02 1318182                    /usr/lib/x86_64-linux-gnu/libXcomposite.so.1.0.0
7ffe9693c000-7ffe96945000 r-xp 00000000 08:02 1318184                    /usr/lib/x86_64-linux-gnu/libXcursor.so.1.0.2
7ffe96945000-7ffe96b44000 ---p 00009000 08:02 1318184                    /usr/lib/x86_64-linux-gnu/libXcursor.so.1.0.2
7ffe96b44000-7ffe96b45000 r--p 00008000 08:02 1318184                    /usr/lib/x86_64-linux-gnu/libXcursor.so.1.0.2
7ffe96b45000-7ffe96b46000 rw-p 00009000 08:02 1318184                    /usr/lib/x86_64-linux-gnu/libXcursor.so.1.0.2
7ffe96b46000-7ffe96b4d000 r-xp 00000000 08:02 1318208                    /usr/lib/x86_64-linux-gnu/libXrandr.so.2.2.0
7ffe96b4d000-7ffe96d4c000 ---p 00007000 08:02 1318208                    /usr/lib/x86_64-linux-gnu/libXrandr.so.2.2.0
7ffe96d4c000-7ffe96d4d000 r--p 00006000 08:02 1318208                    /usr/lib/x86_64-linux-gnu/libXrandr.so.2.2.0
7ffe96d4d000-7ffe96d4e000 rw-p 00007000 08:02 1318208                    /usr/lib/x86_64-linux-gnu/libXrandr.so.2.2.0
7ffe96d4e000-7ffe96d5c000 r-xp 00000000 08:02 1318196                    /usr/lib/x86_64-linux-gnu/libXi.so.6.1.0
7ffe96d5c000-7ffe96f5b000 ---p 0000e000 08:02 1318196                    /usr/lib/x86_64-linux-gnu/libXi.so.6.1.0
7ffe96f5b000-7ffe96f5c000 r--p 0000d000 08:02 1318196                    /usr/lib/x86_64-linux-gnu/libXi.so.6.1.0
7ffe96f5c000-7ffe96f5d000 rw-p 0000e000 08:02 1318196                    /usr/lib/x86_64-linux-gnu/libXi.so.6.1.0
7ffe96f5d000-7ffe96f5f000 r-xp 00000000 08:02 1318198                    /usr/lib/x86_64-linux-gnu/libXinerama.so.1.0.0
7ffe96f5f000-7ffe9715e000 ---p 00002000 08:02 1318198                    /usr/lib/x86_64-linux-gnu/libXinerama.so.1.0.0
7ffe9715e000-7ffe9715f000 r--p 00001000 08:02 1318198                    /usr/lib/x86_64-linux-gnu/libXinerama.so.1.0.0
7ffe9715f000-7ffe97160000 rw-p 00002000 08:02 1318198                    /usr/lib/x86_64-linux-gnu/libXinerama.so.1.0.0
7ffe97160000-7ffe97169000 r-xp 00000000 08:02 1318212                    /usr/lib/x86_64-linux-gnu/libXrender.so.1.3.0
7ffe97169000-7ffe97368000 ---p 00009000 08:02 1318212                    /usr/lib/x86_64-linux-gnu/libXrender.so.1.3.0
7ffe97368000-7ffe97369000 r--p 00008000 08:02 1318212                    /usr/lib/x86_64-linux-gnu/libXrender.so.1.3.0
7ffe97369000-7ffe9736a000 rw-p 00009000 08:02 1318212                    /usr/lib/x86_64-linux-gnu/libXrender.so.1.3.0
7ffe9736a000-7ffe9737a000 r-xp 00000000 08:02 1318190                    /usr/lib/x86_64-linux-gnu/libXext.so.6.4.0
7ffe9737a000-7ffe97579000 ---p 00010000 08:02 1318190                    /usr/lib/x86_64-linux-gnu/libXext.so.6.4.0
7ffe97579000-7ffe9757a000 r--p 0000f000 08:02 1318190                    /usr/lib/x86_64-linux-gnu/libXext.so.6.4.0
7ffe9757a000-7ffe9757b000 rw-p 00010000 08:02 1318190                    /usr/lib/x86_64-linux-gnu/libXext.so.6.4.0
7ffe9757b000-7ffe975af000 r-xp 00000000 08:02 1318372                    /usr/lib/x86_64-linux-gnu/libfontconfig.so.1.4.4
7ffe975af000-7ffe977af000 ---p 00034000 08:02 1318372                    /usr/lib/x86_64-linux-gnu/libfontconfig.so.1.4.4
7ffe977af000-7ffe977b0000 r--p 00034000 08:02 1318372                    /usr/lib/x86_64-linux-gnu/libfontconfig.so.1.4.4
7ffe977b0000-7ffe977b1000 rw-p 00035000 08:02 1318372                    /usr/lib/x86_64-linux-gnu/libfontconfig.so.1.4.4
7ffe977b1000-7ffe978f9000 r-xp 00000000 08:02 1318413                    /usr/lib/x86_64-linux-gnu/libgio-2.0.so.0.3200.3
7ffe978f9000-7ffe97af8000 ---p 00148000 08:02 1318413                    /usr/lib/x86_64-linux-gnu/libgio-2.0.so.0.3200.3
7ffe97af8000-7ffe97afc000 r--p 00147000 08:02 1318413                    /usr/lib/x86_64-linux-gnu/libgio-2.0.so.0.3200.3
7ffe97afc000-7ffe97afe000 rw-p 0014b000 08:02 1318413                    /usr/lib/x86_64-linux-gnu/libgio-2.0.so.0.3200.3
7ffe97afe000-7ffe98000000 rw-p 00000000 00:00 0 
7ffe98000000-7ffe98021000 rw-p 00000000 00:00 0 
7ffe98021000-7ffe9c000000 ---p 00000000 00:00 0 
7ffe9c060000-7ffe9c0c3000 rw-p 00000000 00:00 0 
7ffe9c0c3000-7ffe9c0df000 r--s 00000000 08:02 1578426                    /usr/share/mime/mime.cache
7ffe9c0df000-7ffe9c0fd000 r-xp 00000000 08:02 1318401                    /usr/lib/x86_64-linux-gnu/libgdk_pixbuf-2.0.so.0.2600.1
7ffe9c0fd000-7ffe9c2fd000 ---p 0001e000 08:02 1318401                    /usr/lib/x86_64-linux-gnu/libgdk_pixbuf-2.0.so.0.2600.1
7ffe9c2fd000-7ffe9c2fe000 r--p 0001e000 08:02 1318401                    /usr/lib/x86_64-linux-gnu/libgdk_pixbuf-2.0.so.0.2600.1
7ffe9c2fe000-7ffe9c2ff000 rw-p 0001f000 08:02 1318401                    /usr/lib/x86_64-linux-gnu/libgdk_pixbuf-2.0.so.0.2600.1
7ffe9c2ff000-7ffe9c345000 r-xp 00000000 08:02 1318615                    /usr/lib/x86_64-linux-gnu/libpango-1.0.so.0.3000.0
7ffe9c345000-7ffe9c545000 ---p 00046000 08:02 1318615                    /usr/lib/x86_64-linux-gnu/libpango-1.0.so.0.3000.0
7ffe9c545000-7ffe9c547000 r--p 00046000 08:02 1318615                    /usr/lib/x86_64-linux-gnu/libpango-1.0.so.0.3000.0
7ffe9c547000-7ffe9c548000 rw-p 00048000 08:02 1318615                    /usr/lib/x86_64-linux-gnu/libpango-1.0.so.0.3000.0
7ffe9c548000-7ffe9c553000 r-xp 00000000 08:02 1318617                    /usr/lib/x86_64-linux-gnu/libpangocairo-1.0.so.0.3000.0
7ffe9c553000-7ffe9c752000 ---p 0000b000 08:02 1318617                    /usr/lib/x86_64-linux-gnu/libpangocairo-1.0.so.0.3000.0
7ffe9c752000-7ffe9c753000 r--p 0000a000 08:02 1318617                    /usr/lib/x86_64-linux-gnu/libpangocairo-1.0.so.0.3000.0
7ffe9c753000-7ffe9c754000 rw-p 0000b000 08:02 1318617                    /usr/lib/x86_64-linux-gnu/libpangocairo-1.0.so.0.3000.0
7ffe9c754000-7ffe9c801000 r-xp 00000000 08:02 1318399                    /usr/lib/x86_64-linux-gnu/libgdk-x11-2.0.so.0.2400.10
7ffe9c801000-7ffe9ca00000 ---p 000ad000 08:02 1318399                    /usr/lib/x86_64-linux-gnu/libgdk-x11-2.0.so.0.2400.10
7ffe9ca00000-7ffe9ca04000 r--p 000ac000 08:02 1318399                    /usr/lib/x86_64-linux-gnu/libgdk-x11-2.0.so.0.2400.10
7ffe9ca04000-7ffe9ca06000 rw-p 000b0000 08:02 1318399                    /usr/lib/x86_64-linux-gnu/libgdk-x11-2.0.so.0.2400.10
7ffe9ca06000-7ffe9ca42000 r-xp 00000000 08:02 1052433                    /lib/x86_64-linux-gnu/libpcre.so.3.12.1
7ffe9ca42000-7ffe9cc41000 ---p 0003c000 08:02 1052433                    /lib/x86_64-linux-gnu/libpcre.so.3.12.1
7ffe9cc41000-7ffe9cc42000 r--p 0003b000 08:02 1052433                    /lib/x86_64-linux-gnu/libpcre.so.3.12.1
7ffe9cc42000-7ffe9cc43000 rw-p 0003c000 08:02 1052433                    /lib/x86_64-linux-gnu/libpcre.so.3.12.1
7ffe9cc43000-7ffe9cc4a000 r-xp 00000000 08:02 1318370                    /usr/lib/x86_64-linux-gnu/libffi.so.6.0.0
7ffe9cc4a000-7ffe9ce49000 ---p 00007000 08:02 1318370                    /usr/lib/x86_64-linux-gnu/libffi.so.6.0.0
7ffe9ce49000-7ffe9ce4a000 r--p 00006000 08:02 1318370                    /usr/lib/x86_64-linux-gnu/libffi.so.6.0.0
7ffe9ce4a000-7ffe9ce4b000 rw-p 00007000 08:02 1318370                    /usr/lib/x86_64-linux-gnu/libffi.so.6.0.0
7ffe9ce4b000-7ffe9cf3d000 r-xp 00000000 08:02 1052385                    /lib/x86_64-linux-gnu/libglib-2.0.so.0.3200.3
7ffe9cf3d000-7ffe9d13d000 ---p 000f2000 08:02 1052385                    /lib/x86_64-linux-gnu/libglib-2.0.so.0.3200.3
7ffe9d13d000-7ffe9d13e000 r--p 000f2000 08:02 1052385                    /lib/x86_64-linux-gnu/libglib-2.0.so.0.3200.3
7ffe9d13e000-7ffe9d13f000 rw-p 000f3000 08:02 1052385                    /lib/x86_64-linux-gnu/libglib-2.0.so.0.3200.3
7ffe9d13f000-7ffe9d140000 rw-p 00000000 00:00 0 
7ffe9d140000-7ffe9d18d000 r-xp 00000000 08:02 1318437                    /usr/lib/x86_64-linux-gnu/libgobject-2.0.so.0.3200.3
7ffe9d18d000-7ffe9d38d000 ---p 0004d000 08:02 1318437                    /usr/lib/x86_64-linux-gnu/libgobject-2.0.so.0.3200.3
7ffe9d38d000-7ffe9d38e000 r--p 0004d000 08:02 1318437                    /usr/lib/x86_64-linux-gnu/libgobject-2.0.so.0.3200.3
7ffe9d38e000-7ffe9d38f000 rw-p 0004e000 08:02 1318437                    /usr/lib/x86_64-linux-gnu/libgobject-2.0.so.0.3200.3
7ffe9d38f000-7ffe9d39e000 r-xp 00000000 08:02 2890734                    /home/robo/Downloads/eclipse/plugins/org.eclipse.equinox.launcher.gtk.linux.x86_64_1.1.100.v20110505/eclipse_1407.so
7ffe9d39e000-7ffe9d49d000 ---p 0000f000 08:02 2890734                    /home/robo/Downloads/eclipse/plugins/org.eclipse.equinox.launcher.gtk.linux.x86_64_1.1.100.v20110505/eclipse_1407.so
7ffe9d49d000-7ffe9d49f000 rw-p 0000e000 08:02 2890734                    /home/robo/Downloads/eclipse/plugins/org.eclipse.equinox.launcher.gtk.linux.x86_64_1.1.100.v20110505/eclipse_1407.so
7ffe9d49f000-7ffe9d4a0000 ---p 00000000 00:00 0 
7ffe9d4a0000-7ffe9d5a0000 rw-p 00000000 00:00 0                          [stack:3833]
7ffe9d5a0000-7ffe9d5a3000 ---p 00000000 00:00 0 
7ffe9d5a3000-7ffe9d6a1000 rw-p 00000000 00:00 0                          [stack:3832]
7ffe9d6a1000-7ffe9d6a4000 ---p 00000000 00:00 0 
7ffe9d6a4000-7ffe9d7a2000 rw-p 00000000 00:00 0                          [stack:3831]
7ffe9d7a2000-7ffe9d7a5000 ---p 00000000 00:00 0 
7ffe9d7a5000-7ffe9d8a3000 rw-p 00000000 00:00 0                          [stack:3830]
7ffe9d8a3000-7ffe9d8a6000 ---p 00000000 00:00 0 
7ffe9d8a6000-7ffe9d9a4000 rw-p 00000000 00:00 0                          [stack:3829]
7ffe9d9a4000-7ffe9e087000 r--p 00000000 08:02 1317469                    /usr/lib/locale/locale-archive
7ffe9e087000-7ffe9e08a000 ---p 00000000 00:00 0 
7ffe9e08a000-7ffe9e188000 rw-p 00000000 00:00 0                          [stack:3828]
7ffe9e188000-7ffe9e18b000 ---p 00000000 00:00 0 
7ffe9e18b000-7ffe9e289000 rw-p 00000000 00:00 0                          [stack:3827]
7ffe9e289000-7ffe9e28a000 ---p 00000000 00:00 0 
7ffe9e28a000-7ffe9f305000 rw-p 00000000 00:00 0                          [stack:3826]
7ffe9f305000-7ffe9f4b2000 r--s 01cec000 08:02 1322109                    /usr/lib/jvm/java-7-openjdk-amd64/jre/lib/rt.jar
7ffe9f4b2000-7ffea08b2000 rw-p 00000000 00:00 0 
7ffea08b2000-7ffea08b3000 ---p 00000000 00:00 0 
7ffea08b3000-7ffea09b3000 rw-p 00000000 00:00 0                          [stack:3825]
7ffea09b3000-7ffea09b4000 ---p 00000000 00:00 0 
7ffea09b4000-7ffea0ab4000 rw-p 00000000 00:00 0                          [stack:3824]
7ffea0ab4000-7ffea0ab5000 ---p 00000000 00:00 0 
7ffea0ab5000-7ffea0bb5000 rw-p 00000000 00:00 0                          [stack:3823]
7ffea0bb5000-7ffea0bb6000 ---p 00000000 00:00 0 
7ffea0bb6000-7ffea0cc1000 rw-p 00000000 00:00 0                          [stack:3822]
7ffea0cc1000-7ffea0d36000 rw-p 00000000 00:00 0 
7ffea0d36000-7ffea0d44000 rw-p 00000000 00:00 0 
7ffea0d44000-7ffea0db6000 rw-p 00000000 00:00 0 
7ffea0db6000-7ffea0dbd000 rw-p 00000000 00:00 0 
7ffea0dbd000-7ffea0df6000 rw-p 00000000 00:00 0 
7ffea0df6000-7ffea0df7000 rw-p 00000000 00:00 0 
7ffea0df7000-7ffea1067000 rwxp 00000000 00:00 0 
7ffea1067000-7ffea3df7000 rw-p 00000000 00:00 0 
7ffea3df7000-7ffea3dff000 r-xp 00000000 08:02 1322123                    /usr/lib/jvm/java-7-openjdk-amd64/jre/lib/amd64/libzip.so
7ffea3dff000-7ffea3ffe000 ---p 00008000 08:02 1322123                    /usr/lib/jvm/java-7-openjdk-amd64/jre/lib/amd64/libzip.so
7ffea3ffe000-7ffea3fff000 r--p 00007000 08:02 1322123                    /usr/lib/jvm/java-7-openjdk-amd64/jre/lib/amd64/libzip.so
7ffea3fff000-7ffea4000000 rw-p 00008000 08:02 1322123                    /usr/lib/jvm/java-7-openjdk-amd64/jre/lib/amd64/libzip.so
7ffea4000000-7ffea435d000 rw-p 00000000 00:00 0 
7ffea435d000-7ffea8000000 ---p 00000000 00:00 0 
7ffea8005000-7ffea8029000 r--p 00000000 08:02 2097607                    /usr/share/glib-2.0/schemas/gschemas.compiled
7ffea8029000-7ffea8034000 rw-p 00000000 00:00 0 
7ffea8034000-7ffea80a9000 rw-p 00000000 00:00 0 
7ffea80a9000-7ffea80b7000 rw-p 00000000 00:00 0 
7ffea80b7000-7ffea8129000 rw-p 00000000 00:00 0 
7ffea8129000-7ffea8135000 r-xp 00000000 08:02 1052411                    /lib/x86_64-linux-gnu/libnss_files-2.15.so
7ffea8135000-7ffea8334000 ---p 0000c000 08:02 1052411                    /lib/x86_64-linux-gnu/libnss_files-2.15.so
7ffea8334000-7ffea8335000 r--p 0000b000 08:02 1052411                    /lib/x86_64-linux-gnu/libnss_files-2.15.so
7ffea8335000-7ffea8336000 rw-p 0000c000 08:02 1052411                    /lib/x86_64-linux-gnu/libnss_files-2.15.so
7ffea8336000-7ffea8340000 r-xp 00000000 08:02 1052415                    /lib/x86_64-linux-gnu/libnss_nis-2.15.so
7ffea8340000-7ffea8540000 ---p 0000a000 08:02 1052415                    /lib/x86_64-linux-gnu/libnss_nis-2.15.so
7ffea8540000-7ffea8541000 r--p 0000a000 08:02 1052415                    /lib/x86_64-linux-gnu/libnss_nis-2.15.so
7ffea8541000-7ffea8542000 rw-p 0000b000 08:02 1052415                    /lib/x86_64-linux-gnu/libnss_nis-2.15.so
7ffea8542000-7ffea8559000 r-xp 00000000 08:02 1052405                    /lib/x86_64-linux-gnu/libnsl-2.15.so
7ffea8559000-7ffea8758000 ---p 00017000 08:02 1052405                    /lib/x86_64-linux-gnu/libnsl-2.15.so
7ffea8758000-7ffea8759000 r--p 00016000 08:02 1052405                    /lib/x86_64-linux-gnu/libnsl-2.15.so
7ffea8759000-7ffea875a000 rw-p 00017000 08:02 1052405                    /lib/x86_64-linux-gnu/libnsl-2.15.so
7ffea875a000-7ffea875c000 rw-p 00000000 00:00 0 
7ffea875c000-7ffea8764000 r-xp 00000000 08:02 1052407                    /lib/x86_64-linux-gnu/libnss_compat-2.15.so
7ffea8764000-7ffea8963000 ---p 00008000 08:02 1052407                    /lib/x86_64-linux-gnu/libnss_compat-2.15.so
7ffea8963000-7ffea8964000 r--p 00007000 08:02 1052407                    /lib/x86_64-linux-gnu/libnss_compat-2.15.so
7ffea8964000-7ffea8965000 rw-p 00008000 08:02 1052407                    /lib/x86_64-linux-gnu/libnss_compat-2.15.so
7ffea8965000-7ffea898e000 r-xp 00000000 08:02 1322118                    /usr/lib/jvm/java-7-openjdk-amd64/jre/lib/amd64/libjava.so
7ffea898e000-7ffea8b8d000 ---p 00029000 08:02 1322118                    /usr/lib/jvm/java-7-openjdk-amd64/jre/lib/amd64/libjava.so
7ffea8b8d000-7ffea8b8e000 r--p 00028000 08:02 1322118                    /usr/lib/jvm/java-7-openjdk-amd64/jre/lib/amd64/libjava.so
7ffea8b8e000-7ffea8b90000 rw-p 00029000 08:02 1322118                    /usr/lib/jvm/java-7-openjdk-amd64/jre/lib/amd64/libjava.so
7ffea8b90000-7ffea8b9e000 r-xp 00000000 08:02 1322140                    /usr/lib/jvm/java-7-openjdk-amd64/jre/lib/amd64/libverify.so
7ffea8b9e000-7ffea8d9d000 ---p 0000e000 08:02 1322140                    /usr/lib/jvm/java-7-openjdk-amd64/jre/lib/amd64/libverify.so
7ffea8d9d000-7ffea8d9f000 r--p 0000d000 08:02 1322140                    /usr/lib/jvm/java-7-openjdk-amd64/jre/lib/amd64/libverify.so
7ffea8d9f000-7ffea8da0000 rw-p 0000f000 08:02 1322140                    /usr/lib/jvm/java-7-openjdk-amd64/jre/lib/amd64/libverify.so
7ffea8da0000-7ffea8da7000 r-xp 00000000 08:02 1052446                    /lib/x86_64-linux-gnu/librt-2.15.so
7ffea8da7000-7ffea8fa6000 ---p 00007000 08:02 1052446                    /lib/x86_64-linux-gnu/librt-2.15.so
7ffea8fa6000-7ffea8fa7000 r--p 00006000 08:02 1052446                    /lib/x86_64-linux-gnu/librt-2.15.so
7ffea8fa7000-7ffea8fa8000 rw-p 00007000 08:02 1052446                    /lib/x86_64-linux-gnu/librt-2.15.so
7ffea8fa8000-7ffea8fbd000 r-xp 00000000 08:02 1052381                    /lib/x86_64-linux-gnu/libgcc_s.so.1
7ffea8fbd000-7ffea91bc000 ---p 00015000 08:02 1052381                    /lib/x86_64-linux-gnu/libgcc_s.so.1
7ffea91bc000-7ffea91bd000 r--p 00014000 08:02 1052381                    /lib/x86_64-linux-gnu/libgcc_s.so.1
7ffea91bd000-7ffea91be000 rw-p 00015000 08:02 1052381                    /lib/x86_64-linux-gnu/libgcc_s.so.1
7ffea91be000-7ffea92b9000 r-xp 00000000 08:02 1052392                    /lib/x86_64-linux-gnu/libm-2.15.so
7ffea92b9000-7ffea94b8000 ---p 000fb000 08:02 1052392                    /lib/x86_64-linux-gnu/libm-2.15.so
7ffea94b8000-7ffea94b9000 r--p 000fa000 08:02 1052392                    /lib/x86_64-linux-gnu/libm-2.15.so
7ffea94b9000-7ffea94ba000 rw-p 000fb000 08:02 1052392                    /lib/x86_64-linux-gnu/libm-2.15.so
7ffea94ba000-7ffea959c000 r-xp 00000000 08:02 1318720                    /usr/lib/x86_64-linux-gnu/libstdc++.so.6.0.16
7ffea959c000-7ffea979b000 ---p 000e2000 08:02 1318720                    /usr/lib/x86_64-linux-gnu/libstdc++.so.6.0.16
7ffea979b000-7ffea97a3000 r--p 000e1000 08:02 1318720                    /usr/lib/x86_64-linux-gnu/libstdc++.so.6.0.16
7ffea97a3000-7ffea97a5000 rw-p 000e9000 08:02 1318720                    /usr/lib/x86_64-linux-gnu/libstdc++.so.6.0.16
7ffea97a5000-7ffea97ba000 rw-p 00000000 00:00 0 
7ffea97ba000-7ffeaa18d000 r-xp 00000000 08:02 1322134                    /usr/lib/jvm/java-7-openjdk-amd64/jre/lib/amd64/server/libjvm.so
7ffeaa18d000-7ffeaa38c000 ---p 009d3000 08:02 1322134                    /usr/lib/jvm/java-7-openjdk-amd64/jre/lib/amd64/server/libjvm.so
7ffeaa38c000-7ffeaa40b000 r--p 009d2000 08:02 1322134                    /usr/lib/jvm/java-7-openjdk-amd64/jre/lib/amd64/server/libjvm.so
7ffeaa40b000-7ffeaa42e000 rw-p 00a51000 08:02 1322134                    /usr/lib/jvm/java-7-openjdk-amd64/jre/lib/amd64/server/libjvm.so
7ffeaa42e000-7ffeaa458000 rw-p 00000000 00:00 0 
7ffeaa458000-7ffeaa46e000 r-xp 00000000 08:02 1052471                    /lib/x86_64-linux-gnu/libz.so.1.2.3.4
7ffeaa46e000-7ffeaa66d000 ---p 00016000 08:02 1052471                    /lib/x86_64-linux-gnu/libz.so.1.2.3.4
7ffeaa66d000-7ffeaa66e000 r--p 00015000 08:02 1052471                    /lib/x86_64-linux-gnu/libz.so.1.2.3.4
7ffeaa66e000-7ffeaa66f000 rw-p 00016000 08:02 1052471                    /lib/x86_64-linux-gnu/libz.so.1.2.3.4
7ffeaa66f000-7ffeaa687000 r-xp 00000000 08:02 1052440                    /lib/x86_64-linux-gnu/libpthread-2.15.so
7ffeaa687000-7ffeaa886000 ---p 00018000 08:02 1052440                    /lib/x86_64-linux-gnu/libpthread-2.15.so
7ffeaa886000-7ffeaa887000 r--p 00017000 08:02 1052440                    /lib/x86_64-linux-gnu/libpthread-2.15.so
7ffeaa887000-7ffeaa888000 rw-p 00018000 08:02 1052440                    /lib/x86_64-linux-gnu/libpthread-2.15.so
7ffeaa888000-7ffeaa88c000 rw-p 00000000 00:00 0 
7ffeaa88c000-7ffeaa88e000 r-xp 00000000 08:02 1052373                    /lib/x86_64-linux-gnu/libdl-2.15.so
7ffeaa88e000-7ffeaaa8e000 ---p 00002000 08:02 1052373                    /lib/x86_64-linux-gnu/libdl-2.15.so
7ffeaaa8e000-7ffeaaa8f000 r--p 00002000 08:02 1052373                    /lib/x86_64-linux-gnu/libdl-2.15.so
7ffeaaa8f000-7ffeaaa90000 rw-p 00003000 08:02 1052373                    /lib/x86_64-linux-gnu/libdl-2.15.so
7ffeaaa90000-7ffeaac45000 r-xp 00000000 08:02 1052360                    /lib/x86_64-linux-gnu/libc-2.15.so
7ffeaac45000-7ffeaae44000 ---p 001b5000 08:02 1052360                    /lib/x86_64-linux-gnu/libc-2.15.so
7ffeaae44000-7ffeaae48000 r--p 001b4000 08:02 1052360                    /lib/x86_64-linux-gnu/libc-2.15.so
7ffeaae48000-7ffeaae4a000 rw-p 001b8000 08:02 1052360                    /lib/x86_64-linux-gnu/libc-2.15.so
7ffeaae4a000-7ffeaae4f000 rw-p 00000000 00:00 0 
7ffeaae4f000-7ffeaae5c000 r-xp 00000000 08:02 1322127                    /usr/lib/jvm/java-7-openjdk-amd64/jre/lib/amd64/jli/libjli.so
7ffeaae5c000-7ffeab05b000 ---p 0000d000 08:02 1322127                    /usr/lib/jvm/java-7-openjdk-amd64/jre/lib/amd64/jli/libjli.so
7ffeab05b000-7ffeab05c000 r--p 0000c000 08:02 1322127                    /usr/lib/jvm/java-7-openjdk-amd64/jre/lib/amd64/jli/libjli.so
7ffeab05c000-7ffeab05d000 rw-p 0000d000 08:02 1322127                    /usr/lib/jvm/java-7-openjdk-amd64/jre/lib/amd64/jli/libjli.so
7ffeab05d000-7ffeab07f000 r-xp 00000000 08:02 1052340                    /lib/x86_64-linux-gnu/ld-2.15.so
7ffeab093000-7ffeab095000 r--p 00000000 08:02 1582397                    /home/robo/.config/dconf/user
7ffeab095000-7ffeab096000 r--s 00000000 08:02 1582355                    /home/robo/.cache/dconf/user
7ffeab096000-7ffeab09b000 r--s 0004c000 08:02 1322041                    /usr/lib/jvm/java-7-openjdk-common/jre/lib/jsse.jar
7ffeab09b000-7ffeab09c000 r--s 0000b000 08:02 2233308                    /home/robo/Downloads/eclipse/plugins/org.eclipse.equinox.launcher_1.2.0.v20110502.jar
7ffeab09c000-7ffeab0a6000 rw-p 00000000 00:00 0 
7ffeab0a6000-7ffeab15c000 rw-p 00000000 00:00 0 
7ffeab15c000-7ffeab15f000 ---p 00000000 00:00 0 
7ffeab15f000-7ffeab262000 rw-p 00000000 00:00 0                          [stack:3821]
7ffeab262000-7ffeab265000 r--s 0000f000 08:02 1322034                    /usr/lib/jvm/java-7-openjdk-common/jre/lib/ext/pulse-java.jar
7ffeab265000-7ffeab266000 r--s 00007000 08:02 1579430                    /usr/share/java/java-atk-wrapper.jar
7ffeab266000-7ffeab267000 r--s 00002000 08:02 1322032                    /usr/lib/jvm/java-7-openjdk-common/jre/lib/ext/dnsns.jar
7ffeab267000-7ffeab269000 r--s 00012000 08:02 1322037                    /usr/lib/jvm/java-7-openjdk-common/jre/lib/ext/zipfs.jar
7ffeab269000-7ffeab26c000 r--s 0003c000 08:02 1322035                    /usr/lib/jvm/java-7-openjdk-common/jre/lib/ext/sunpkcs11.jar
7ffeab26c000-7ffeab270000 r--s 00085000 08:02 1322036                    /usr/lib/jvm/java-7-openjdk-common/jre/lib/ext/localedata.jar
7ffeab270000-7ffeab273000 r--s 00032000 08:02 1322033                    /usr/lib/jvm/java-7-openjdk-common/jre/lib/ext/sunjce_provider.jar
7ffeab273000-7ffeab27b000 rw-s 00000000 08:02 4329302                    /tmp/hsperfdata_robo/3820
7ffeab27b000-7ffeab27c000 rw-p 00000000 00:00 0 
7ffeab27c000-7ffeab27d000 r--p 00000000 00:00 0 
7ffeab27d000-7ffeab27f000 rw-p 00000000 00:00 0 
7ffeab27f000-7ffeab280000 r--p 00022000 08:02 1052340                    /lib/x86_64-linux-gnu/ld-2.15.so
7ffeab280000-7ffeab282000 rw-p 00023000 08:02 1052340                    /lib/x86_64-linux-gnu/ld-2.15.so
7ffffec84000-7ffffeca5000 rw-p 00000000 00:00 0                          [stack]
7ffffecb2000-7ffffecb4000 r-xp 00000000 00:00 0                          [vdso]
ffffffffff600000-ffffffffff601000 r-xp 00000000 00:00 0                  [vsyscall]

VM Arguments:
jvm_args: -Dosgi.requiredJavaVersion=1.5 -XX:MaxPermSize=256m -Xms40m -Xmx384m 
java_command: /home/robo/Downloads/eclipse//plugins/org.eclipse.equinox.launcher_1.2.0.v20110502.jar -os linux -ws gtk -arch x86_64 -showsplash -launcher /home/robo/Downloads/eclipse/eclipse -name Eclipse --launcher.library /home/robo/Downloads/eclipse//plugins/org.eclipse.equinox.launcher.gtk.linux.x86_64_1.1.100.v20110505/eclipse_1407.so -startup /home/robo/Downloads/eclipse//plugins/org.eclipse.equinox.launcher_1.2.0.v20110502.jar --launcher.overrideVmargs -exitdata 28005 -product org.eclipse.epp.package.cpp.product -vm /usr/bin/java -vmargs -Dosgi.requiredJavaVersion=1.5 -XX:MaxPermSize=256m -Xms40m -Xmx384m -jar /home/robo/Downloads/eclipse//plugins/org.eclipse.equinox.launcher_1.2.0.v20110502.jar
Launcher Type: SUN_STANDARD

Environment Variables:
PATH=/opt/ros/fuerte/bin:/usr/local/sbin:/usr/local/bin:/usr/sbin:/usr/bin:/sbin:/bin:/usr/games
LD_LIBRARY_PATH=/opt/ros/fuerte/lib:
SHELL=/bin/bash

Signal Handlers:
SIGSEGV: [libjvm.so+0x83b2a0], sa_mask[0]=0x7ffbfeff, sa_flags=0x10000004
SIGBUS: [libjvm.so+0x83b2a0], sa_mask[0]=0x7ffbfeff, sa_flags=0x10000004
SIGFPE: [libjvm.so+0x6dc040], sa_mask[0]=0x7ffbfeff, sa_flags=0x10000004
SIGPIPE: SIG_IGN, sa_mask[0]=0x00001000, sa_flags=0x10000000
SIGXFSZ: [libjvm.so+0x6dc040], sa_mask[0]=0x7ffbfeff, sa_flags=0x10000004
SIGILL: [libjvm.so+0x6dc040], sa_mask[0]=0x7ffbfeff, sa_flags=0x10000004
SIGUSR1: SIG_DFL, sa_mask[0]=0x00000000, sa_flags=0x00000000
SIGUSR2: [libjvm.so+0x6dc480], sa_mask[0]=0x00000000, sa_flags=0x10000004
SIGHUP: [libjvm.so+0x6dc5c0], sa_mask[0]=0x7ffbfeff, sa_flags=0x10000004
SIGINT: [libjvm.so+0x6dc5c0], sa_mask[0]=0x7ffbfeff, sa_flags=0x10000004
SIGTERM: [libjvm.so+0x6dc5c0], sa_mask[0]=0x7ffbfeff, sa_flags=0x10000004
SIGQUIT: [libjvm.so+0x6dc5c0], sa_mask[0]=0x7ffbfeff, sa_flags=0x10000004


---------------  S Y S T E M  ---------------

OS:Ubuntu 12.04 (precise)
uname:Linux 3.8.0-31-generic #46~precise1-Ubuntu SMP Wed Sep 11 18:21:16 UTC 2013 x86_64
libc:glibc 2.15 NPTL 2.15 
rlimit: STACK 8192k, CORE 0k, NPROC 60663, NOFILE 4096, AS infinity
load average:0.22 0.21 0.15

/proc/meminfo:
MemTotal:        7995104 kB
MemFree:         5812912 kB
Buffers:          112532 kB
Cached:          1004624 kB
SwapCached:            0 kB
Active:          1117532 kB
Inactive:         840596 kB
Active(anon):     843696 kB
Inactive(anon):   291780 kB
Active(file):     273836 kB
Inactive(file):   548816 kB
Unevictable:           0 kB
Mlocked:               0 kB
SwapTotal:       8203260 kB
SwapFree:        8203260 kB
Dirty:               216 kB
Writeback:             0 kB
AnonPages:        841108 kB
Mapped:           178396 kB
Shmem:            294508 kB
Slab:             106860 kB
SReclaimable:      80008 kB
SUnreclaim:        26852 kB
KernelStack:        3664 kB
PageTables:        28776 kB
NFS_Unstable:          0 kB
Bounce:                0 kB
WritebackTmp:          0 kB
CommitLimit:    12200812 kB
Committed_AS:    3536928 kB
VmallocTotal:   34359738367 kB
VmallocUsed:      439912 kB
VmallocChunk:   34359290364 kB
HardwareCorrupted:     0 kB
AnonHugePages:         0 kB
HugePages_Total:       0
HugePages_Free:        0
HugePages_Rsvd:        0
HugePages_Surp:        0
Hugepagesize:       2048 kB
DirectMap4k:       67584 kB
DirectMap2M:     8288256 kB


CPU:total 4 (2 cores per cpu, 2 threads per core) family 6 model 58 stepping 9, cmov, cx8, fxsr, mmx, sse, sse2, sse3, ssse3, sse4.1, sse4.2, popcnt, avx, ht, tsc, tscinvbit, tscinv

/proc/cpuinfo:
processor	: 0
vendor_id	: GenuineIntel
cpu family	: 6
model		: 58
model name	: Intel(R) Core(TM) i5-3427U CPU @ 1.80GHz
stepping	: 9
microcode	: 0x17
cpu MHz		: 759.000
cache size	: 3072 KB
physical id	: 0
siblings	: 4
core id		: 0
cpu cores	: 2
apicid		: 0
initial apicid	: 0
fpu		: yes
fpu_exception	: yes
cpuid level	: 13
wp		: yes
flags		: fpu vme de pse tsc msr pae mce cx8 apic sep mtrr pge mca cmov pat pse36 clflush dts acpi mmx fxsr sse sse2 ss ht tm pbe syscall nx rdtscp lm constant_tsc arch_perfmon pebs bts rep_good nopl xtopology nonstop_tsc aperfmperf eagerfpu pni pclmulqdq dtes64 monitor ds_cpl vmx smx est tm2 ssse3 cx16 xtpr pdcm pcid sse4_1 sse4_2 x2apic popcnt tsc_deadline_timer aes xsave avx f16c rdrand lahf_lm ida arat epb xsaveopt pln pts dtherm tpr_shadow vnmi flexpriority ept vpid fsgsbase smep erms
bogomips	: 4589.38
clflush size	: 64
cache_alignment	: 64
address sizes	: 36 bits physical, 48 bits virtual
power management:

processor	: 1
vendor_id	: GenuineIntel
cpu family	: 6
model		: 58
model name	: Intel(R) Core(TM) i5-3427U CPU @ 1.80GHz
stepping	: 9
microcode	: 0x17
cpu MHz		: 1800.000
cache size	: 3072 KB
physical id	: 0
siblings	: 4
core id		: 1
cpu cores	: 2
apicid		: 2
initial apicid	: 2
fpu		: yes
fpu_exception	: yes
cpuid level	: 13
wp		: yes
flags		: fpu vme de pse tsc msr pae mce cx8 apic sep mtrr pge mca cmov pat pse36 clflush dts acpi mmx fxsr sse sse2 ss ht tm pbe syscall nx rdtscp lm constant_tsc arch_perfmon pebs bts rep_good nopl xtopology nonstop_tsc aperfmperf eagerfpu pni pclmulqdq dtes64 monitor ds_cpl vmx smx est tm2 ssse3 cx16 xtpr pdcm pcid sse4_1 sse4_2 x2apic popcnt tsc_deadline_timer aes xsave avx f16c rdrand lahf_lm ida arat epb xsaveopt pln pts dtherm tpr_shadow vnmi flexpriority ept vpid fsgsbase smep erms
bogomips	: 4589.38
clflush size	: 64
cache_alignment	: 64
address sizes	: 36 bits physical, 48 bits virtual
power management:

processor	: 2
vendor_id	: GenuineIntel
cpu family	: 6
model		: 58
model name	: Intel(R) Core(TM) i5-3427U CPU @ 1.80GHz
stepping	: 9
microcode	: 0x17
cpu MHz		: 1800.000
cache size	: 3072 KB
physical id	: 0
siblings	: 4
core id		: 0
cpu cores	: 2
apicid		: 1
initial apicid	: 1
fpu		: yes
fpu_exception	: yes
cpuid level	: 13
wp		: yes
flags		: fpu vme de pse tsc msr pae mce cx8 apic sep mtrr pge mca cmov pat pse36 clflush dts acpi mmx fxsr sse sse2 ss ht tm pbe syscall nx rdtscp lm constant_tsc arch_perfmon pebs bts rep_good nopl xtopology nonstop_tsc aperfmperf eagerfpu pni pclmulqdq dtes64 monitor ds_cpl vmx smx est tm2 ssse3 cx16 xtpr pdcm pcid sse4_1 sse4_2 x2apic popcnt tsc_deadline_timer aes xsave avx f16c rdrand lahf_lm ida arat epb xsaveopt pln pts dtherm tpr_shadow vnmi flexpriority ept vpid fsgsbase smep erms
bogomips	: 4589.38
clflush size	: 64
cache_alignment	: 64
address sizes	: 36 bits physical, 48 bits virtual
power management:

processor	: 3
vendor_id	: GenuineIntel
cpu family	: 6
model		: 58
model name	: Intel(R) Core(TM) i5-3427U CPU @ 1.80GHz
stepping	: 9
microcode	: 0x17
cpu MHz		: 759.000
cache size	: 3072 KB
physical id	: 0
siblings	: 4
core id		: 1
cpu cores	: 2
apicid		: 3
initial apicid	: 3
fpu		: yes
fpu_exception	: yes
cpuid level	: 13
wp		: yes
flags		: fpu vme de pse tsc msr pae mce cx8 apic sep mtrr pge mca cmov pat pse36 clflush dts acpi mmx fxsr sse sse2 ss ht tm pbe syscall nx rdtscp lm constant_tsc arch_perfmon pebs bts rep_good nopl xtopology nonstop_tsc aperfmperf eagerfpu pni pclmulqdq dtes64 monitor ds_cpl vmx smx est tm2 ssse3 cx16 xtpr pdcm pcid sse4_1 sse4_2 x2apic popcnt tsc_deadline_timer aes xsave avx f16c rdrand lahf_lm ida arat epb xsaveopt pln pts dtherm tpr_shadow vnmi flexpriority ept vpid fsgsbase smep erms
bogomips	: 4589.38
clflush size	: 64
cache_alignment	: 64
address sizes	: 36 bits physical, 48 bits virtual
power management:



Memory: 4k page, physical 7995104k(5812912k free), swap 8203260k(8203260k free)

vm_info: OpenJDK 64-Bit Server VM (23.7-b01) for linux-amd64 JRE (1.7.0_25-b30), built on Jul 15 2013 20:38:06 by "buildd" with gcc 4.6.3

time: Fri Nov  8 10:31:12 2013
elapsed time: 0 seconds

